# JRE version: Java(TM) SE Runtime Environment (8.0_251-b08) (build 1.8.0_251-b08)
# Java VM: Java HotSpot(TM) 64-Bit Server VM (25.251-b08 mixed mode windows-amd64 compressed oops)
Heap:
 PSYoungGen      total 471040K, used 329621K [0x00000000d5580000, 0x0000000100000000, 0x0000000100000000)
  eden space 443904K, 74% used [0x00000000d5580000,0x00000000e9765470,0x00000000f0700000)
  from space 27136K, 0% used [0x00000000f0700000,0x00000000f0700000,0x00000000f2180000)
  to   space 28160K, 0% used [0x00000000fe480000,0x00000000fe480000,0x0000000100000000)
 ParOldGen       total 134144K, used 46525K [0x0000000080000000, 0x0000000088300000, 0x00000000d5580000)
  object space 134144K, 34% used [0x0000000080000000,0x0000000082d6f528,0x0000000088300000)
 Metaspace       used 61377K, capacity 63284K, committed 63448K, reserved 1103872K
  class space    used 7810K, capacity 8189K, committed 8192K, reserved 1048576K
GC Heap History (10 events):
Event: 10.924 GC heap before
{Heap before GC invocations=10 (full 2):
 PSYoungGen      total 370176K, used 14846K [0x00000000d5580000, 0x00000000f1480000, 0x0000000100000000)
  eden space 355328K, 0% used [0x00000000d5580000,0x00000000d5580000,0x00000000eb080000)
  from space 14848K, 99% used [0x00000000ec180000,0x00000000ecfffbb8,0x00000000ed000000)
  to   space 17408K, 0% used [0x00000000eb080000,0x00000000eb080000,0x00000000ec180000)
 ParOldGen       total 59392K, used 14634K [0x0000000080000000, 0x0000000083a00000, 0x00000000d5580000)
  object space 59392K, 24% used [0x0000000080000000,0x0000000080e4a9a8,0x0000000083a00000)
 Metaspace       used 34079K, capacity 35332K, committed 35416K, reserved 1079296K
  class space    used 4428K, capacity 4683K, committed 4736K, reserved 1048576K
Event: 11.105 GC heap after
Heap after GC invocations=10 (full 2):
 PSYoungGen      total 370176K, used 0K [0x00000000d5580000, 0x00000000f1480000, 0x0000000100000000)
  eden space 355328K, 0% used [0x00000000d5580000,0x00000000d5580000,0x00000000eb080000)
  from space 14848K, 0% used [0x00000000ec180000,0x00000000ec180000,0x00000000ed000000)
  to   space 17408K, 0% used [0x00000000eb080000,0x00000000eb080000,0x00000000ec180000)
 ParOldGen       total 92160K, used 20740K [0x0000000080000000, 0x0000000085a00000, 0x00000000d5580000)
  object space 92160K, 22% used [0x0000000080000000,0x00000000814413b0,0x0000000085a00000)
 Metaspace       used 34079K, capacity 35332K, committed 35416K, reserved 1079296K
  class space    used 4428K, capacity 4683K, committed 4736K, reserved 1048576K
}
Event: 15.530 GC heap before
{Heap before GC invocations=11 (full 2):
 PSYoungGen      total 370176K, used 355328K [0x00000000d5580000, 0x00000000f1480000, 0x0000000100000000)
  eden space 355328K, 100% used [0x00000000d5580000,0x00000000eb080000,0x00000000eb080000)
  from space 14848K, 0% used [0x00000000ec180000,0x00000000ec180000,0x00000000ed000000)
  to   space 17408K, 0% used [0x00000000eb080000,0x00000000eb080000,0x00000000ec180000)
 ParOldGen       total 92160K, used 20740K [0x0000000080000000, 0x0000000085a00000, 0x00000000d5580000)
  object space 92160K, 22% used [0x0000000080000000,0x00000000814413b0,0x0000000085a00000)
 Metaspace       used 45116K, capacity 46506K, committed 46680K, reserved 1089536K
  class space    used 5958K, capacity 6256K, committed 6272K, reserved 1048576K
Event: 15.560 GC heap after
Heap after GC invocations=11 (full 2):
 PSYoungGen      total 372736K, used 14636K [0x00000000d5580000, 0x00000000f3380000, 0x0000000100000000)
  eden space 355328K, 0% used [0x00000000d5580000,0x00000000d5580000,0x00000000eb080000)
  from space 17408K, 84% used [0x00000000eb080000,0x00000000ebecb180,0x00000000ec180000)
  to   space 18432K, 0% used [0x00000000f2180000,0x00000000f2180000,0x00000000f3380000)
 ParOldGen       total 92160K, used 20740K [0x0000000080000000, 0x0000000085a00000, 0x00000000d5580000)
  object space 92160K, 22% used [0x0000000080000000,0x00000000814413b0,0x0000000085a00000)
 Metaspace       used 45116K, capacity 46506K, committed 46680K, reserved 1089536K
  class space    used 5958K, capacity 6256K, committed 6272K, reserved 1048576K
}
Event: 19.432 GC heap before
{Heap before GC invocations=12 (full 2):
 PSYoungGen      total 372736K, used 369964K [0x00000000d5580000, 0x00000000f3380000, 0x0000000100000000)
  eden space 355328K, 100% used [0x00000000d5580000,0x00000000eb080000,0x00000000eb080000)
  from space 17408K, 84% used [0x00000000eb080000,0x00000000ebecb180,0x00000000ec180000)
  to   space 18432K, 0% used [0x00000000f2180000,0x00000000f2180000,0x00000000f3380000)
 ParOldGen       total 92160K, used 20740K [0x0000000080000000, 0x0000000085a00000, 0x00000000d5580000)
  object space 92160K, 22% used [0x0000000080000000,0x00000000814413b0,0x0000000085a00000)
 Metaspace       used 56259K, capacity 57808K, committed 58200K, reserved 1099776K
  class space    used 7158K, capacity 7497K, committed 7552K, reserved 1048576K
Event: 19.572 GC heap after
Heap after GC invocations=12 (full 2):
 PSYoungGen      total 462336K, used 18408K [0x00000000d5580000, 0x00000000f5180000, 0x0000000100000000)
  eden space 443904K, 0% used [0x00000000d5580000,0x00000000d5580000,0x00000000f0700000)
  from space 18432K, 99% used [0x00000000f2180000,0x00000000f337a090,0x00000000f3380000)
  to   space 27136K, 0% used [0x00000000f0700000,0x00000000f0700000,0x00000000f2180000)
 ParOldGen       total 92160K, used 37126K [0x0000000080000000, 0x0000000085a00000, 0x00000000d5580000)
  object space 92160K, 40% used [0x0000000080000000,0x00000000824418a0,0x0000000085a00000)
 Metaspace       used 56259K, capacity 57808K, committed 58200K, reserved 1099776K
  class space    used 7158K, capacity 7497K, committed 7552K, reserved 1048576K
}
Event: 19.977 GC heap before
{Heap before GC invocations=13 (full 2):
 PSYoungGen      total 462336K, used 74640K [0x00000000d5580000, 0x00000000f5180000, 0x0000000100000000)
  eden space 443904K, 12% used [0x00000000d5580000,0x00000000d8c6a0e0,0x00000000f0700000)
  from space 18432K, 99% used [0x00000000f2180000,0x00000000f337a090,0x00000000f3380000)
  to   space 27136K, 0% used [0x00000000f0700000,0x00000000f0700000,0x00000000f2180000)
 ParOldGen       total 92160K, used 37126K [0x0000000080000000, 0x0000000085a00000, 0x00000000d5580000)
  object space 92160K, 40% used [0x0000000080000000,0x00000000824418a0,0x0000000085a00000)
 Metaspace       used 57044K, capacity 58894K, committed 59028K, reserved 1101824K
  class space    used 7286K, capacity 7648K, committed 7680K, reserved 1048576K
Event: 20.104 GC heap after
Heap after GC invocations=13 (full 2):
 PSYoungGen      total 471040K, used 19767K [0x00000000d5580000, 0x0000000100000000, 0x0000000100000000)
  eden space 443904K, 0% used [0x00000000d5580000,0x00000000d5580000,0x00000000f0700000)
  from space 27136K, 72% used [0x00000000f0700000,0x00000000f1a4de28,0x00000000f2180000)
  to   space 28160K, 0% used [0x00000000fe480000,0x00000000fe480000,0x0000000100000000)
 ParOldGen       total 92160K, used 37134K [0x0000000080000000, 0x0000000085a00000, 0x00000000d5580000)
  object space 92160K, 40% used [0x0000000080000000,0x00000000824438a0,0x0000000085a00000)
 Metaspace       used 57044K, capacity 58894K, committed 59028K, reserved 1101824K
  class space    used 7286K, capacity 7648K, committed 7680K, reserved 1048576K
}
Event: 20.104 GC heap before
{Heap before GC invocations=14 (full 3):
 PSYoungGen      total 471040K, used 19767K [0x00000000d5580000, 0x0000000100000000, 0x0000000100000000)
  eden space 443904K, 0% used [0x00000000d5580000,0x00000000d5580000,0x00000000f0700000)
  from space 27136K, 72% used [0x00000000f0700000,0x00000000f1a4de28,0x00000000f2180000)
  to   space 28160K, 0% used [0x00000000fe480000,0x00000000fe480000,0x0000000100000000)
 ParOldGen       total 92160K, used 37134K [0x0000000080000000, 0x0000000085a00000, 0x00000000d5580000)
  object space 92160K, 40% used [0x0000000080000000,0x00000000824438a0,0x0000000085a00000)
 Metaspace       used 57044K, capacity 58894K, committed 59028K, reserved 1101824K
  class space    used 7286K, capacity 7648K, committed 7680K, reserved 1048576K
Event: 20.531 GC heap after
Heap after GC invocations=14 (full 3):
 PSYoungGen      total 471040K, used 0K [0x00000000d5580000, 0x0000000100000000, 0x0000000100000000)
  eden space 443904K, 0% used [0x00000000d5580000,0x00000000d5580000,0x00000000f0700000)
  from space 27136K, 0% used [0x00000000f0700000,0x00000000f0700000,0x00000000f2180000)
  to   space 28160K, 0% used [0x00000000fe480000,0x00000000fe480000,0x0000000100000000)
 ParOldGen       total 134144K, used 46525K [0x0000000080000000, 0x0000000088300000, 0x00000000d5580000)
  object space 134144K, 34% used [0x0000000080000000,0x0000000082d6f528,0x0000000088300000)
 Metaspace       used 57036K, capacity 58882K, committed 59028K, reserved 1101824K
  class space    used 7285K, capacity 7646K, committed 7680K, reserved 1048576K
}

