# JRE version: Java(TM) SE Runtime Environment (8.0_251-b08) (build 1.8.0_251-b08)
# Java VM: Java HotSpot(TM) 64-Bit Server VM (25.251-b08 mixed mode windows-amd64 compressed oops)
Heap:
 PSYoungGen      total 643072K, used 560659K [0x00000000d5580000, 0x00000000ffd00000, 0x0000000100000000)
  eden space 612864K, 88% used [0x00000000d5580000,0x00000000f69c8918,0x00000000fac00000)
  from space 30208K, 51% used [0x00000000fac00000,0x00000000fbb3c5b0,0x00000000fc980000)
  to   space 29184K, 0% used [0x00000000fe080000,0x00000000fe080000,0x00000000ffd00000)
 ParOldGen       total 137216K, used 91709K [0x0000000080000000, 0x0000000088600000, 0x00000000d5580000)
  object space 137216K, 66% used [0x0000000080000000,0x000000008598f7b0,0x0000000088600000)
 Metaspace       used 89586K, capacity 93326K, committed 93592K, reserved 1130496K
  class space    used 11762K, capacity 12372K, committed 12456K, reserved 1048576K
GC Heap History (10 events):
Event: 20.514 GC heap before
{Heap before GC invocations=16 (full 3):
 PSYoungGen      total 395264K, used 18257K [0x00000000d5580000, 0x00000000f6180000, 0x0000000100000000)
  eden space 375808K, 0% used [0x00000000d5580000,0x00000000d5580000,0x00000000ec480000)
  from space 19456K, 93% used [0x00000000ec480000,0x00000000ed654700,0x00000000ed780000)
  to   space 21504K, 0% used [0x00000000f4c80000,0x00000000f4c80000,0x00000000f6180000)
 ParOldGen       total 90112K, used 37879K [0x0000000080000000, 0x0000000085800000, 0x00000000d5580000)
  object space 90112K, 42% used [0x0000000080000000,0x00000000824fdfa8,0x0000000085800000)
 Metaspace       used 57163K, capacity 59046K, committed 59160K, reserved 1101824K
  class space    used 7306K, capacity 7680K, committed 7720K, reserved 1048576K
Event: 20.881 GC heap after
Heap after GC invocations=16 (full 3):
 PSYoungGen      total 395264K, used 0K [0x00000000d5580000, 0x00000000f6180000, 0x0000000100000000)
  eden space 375808K, 0% used [0x00000000d5580000,0x00000000d5580000,0x00000000ec480000)
  from space 19456K, 0% used [0x00000000ec480000,0x00000000ec480000,0x00000000ed780000)
  to   space 21504K, 0% used [0x00000000f4c80000,0x00000000f4c80000,0x00000000f6180000)
 ParOldGen       total 137216K, used 48292K [0x0000000080000000, 0x0000000088600000, 0x00000000d5580000)
  object space 137216K, 35% used [0x0000000080000000,0x0000000082f29040,0x0000000088600000)
 Metaspace       used 57156K, capacity 59034K, committed 59160K, reserved 1101824K
  class space    used 7305K, capacity 7678K, committed 7720K, reserved 1048576K
}
Event: 22.860 GC heap before
{Heap before GC invocations=17 (full 3):
 PSYoungGen      total 395264K, used 375808K [0x00000000d5580000, 0x00000000f6180000, 0x0000000100000000)
  eden space 375808K, 100% used [0x00000000d5580000,0x00000000ec480000,0x00000000ec480000)
  from space 19456K, 0% used [0x00000000ec480000,0x00000000ec480000,0x00000000ed780000)
  to   space 21504K, 0% used [0x00000000f4c80000,0x00000000f4c80000,0x00000000f6180000)
 ParOldGen       total 137216K, used 48292K [0x0000000080000000, 0x0000000088600000, 0x00000000d5580000)
  object space 137216K, 35% used [0x0000000080000000,0x0000000082f29040,0x0000000088600000)
 Metaspace       used 61941K, capacity 63898K, committed 64152K, reserved 1105920K
  class space    used 7888K, capacity 8264K, committed 8360K, reserved 1048576K
Event: 22.908 GC heap after
Heap after GC invocations=17 (full 3):
 PSYoungGen      total 497664K, used 18344K [0x00000000d5580000, 0x00000000f5e80000, 0x0000000100000000)
  eden space 479232K, 0% used [0x00000000d5580000,0x00000000d5580000,0x00000000f2980000)
  from space 18432K, 99% used [0x00000000f4c80000,0x00000000f5e6a378,0x00000000f5e80000)
  to   space 23552K, 0% used [0x00000000f3080000,0x00000000f3080000,0x00000000f4780000)
 ParOldGen       total 137216K, used 48292K [0x0000000080000000, 0x0000000088600000, 0x00000000d5580000)
  object space 137216K, 35% used [0x0000000080000000,0x0000000082f29040,0x0000000088600000)
 Metaspace       used 61941K, capacity 63898K, committed 64152K, reserved 1105920K
  class space    used 7888K, capacity 8264K, committed 8360K, reserved 1048576K
}
Event: 25.624 GC heap before
{Heap before GC invocations=18 (full 3):
 PSYoungGen      total 497664K, used 497576K [0x00000000d5580000, 0x00000000f5e80000, 0x0000000100000000)
  eden space 479232K, 100% used [0x00000000d5580000,0x00000000f2980000,0x00000000f2980000)
  from space 18432K, 99% used [0x00000000f4c80000,0x00000000f5e6a378,0x00000000f5e80000)
  to   space 23552K, 0% used [0x00000000f3080000,0x00000000f3080000,0x00000000f4780000)
 ParOldGen       total 137216K, used 48292K [0x0000000080000000, 0x0000000088600000, 0x00000000d5580000)
  object space 137216K, 35% used [0x0000000080000000,0x0000000082f29040,0x0000000088600000)
 Metaspace       used 65538K, capacity 67946K, committed 68120K, reserved 1107968K
  class space    used 8427K, capacity 8882K, committed 9000K, reserved 1048576K
Event: 25.689 GC heap after
Heap after GC invocations=18 (full 3):
 PSYoungGen      total 509952K, used 23525K [0x00000000d5580000, 0x00000000fe800000, 0x0000000100000000)
  eden space 486400K, 0% used [0x00000000d5580000,0x00000000d5580000,0x00000000f3080000)
  from space 23552K, 99% used [0x00000000f3080000,0x00000000f4779660,0x00000000f4780000)
  to   space 31232K, 0% used [0x00000000fc980000,0x00000000fc980000,0x00000000fe800000)
 ParOldGen       total 137216K, used 59793K [0x0000000080000000, 0x0000000088600000, 0x00000000d5580000)
  object space 137216K, 43% used [0x0000000080000000,0x0000000083a64678,0x0000000088600000)
 Metaspace       used 65538K, capacity 67946K, committed 68120K, reserved 1107968K
  class space    used 8427K, capacity 8882K, committed 9000K, reserved 1048576K
}
Event: 29.275 GC heap before
{Heap before GC invocations=19 (full 3):
 PSYoungGen      total 509952K, used 509925K [0x00000000d5580000, 0x00000000fe800000, 0x0000000100000000)
  eden space 486400K, 100% used [0x00000000d5580000,0x00000000f3080000,0x00000000f3080000)
  from space 23552K, 99% used [0x00000000f3080000,0x00000000f4779660,0x00000000f4780000)
  to   space 31232K, 0% used [0x00000000fc980000,0x00000000fc980000,0x00000000fe800000)
 ParOldGen       total 137216K, used 59793K [0x0000000080000000, 0x0000000088600000, 0x00000000d5580000)
  object space 137216K, 43% used [0x0000000080000000,0x0000000083a64678,0x0000000088600000)
 Metaspace       used 73212K, capacity 75828K, committed 76184K, reserved 1116160K
  class space    used 9584K, capacity 10057K, committed 10152K, reserved 1048576K
Event: 29.401 GC heap after
Heap after GC invocations=19 (full 3):
 PSYoungGen      total 644096K, used 15269K [0x00000000d5580000, 0x00000000ff700000, 0x0000000100000000)
  eden space 612864K, 0% used [0x00000000d5580000,0x00000000d5580000,0x00000000fac00000)
  from space 31232K, 48% used [0x00000000fc980000,0x00000000fd869760,0x00000000fe800000)
  to   space 30208K, 0% used [0x00000000fac00000,0x00000000fac00000,0x00000000fc980000)
 ParOldGen       total 137216K, used 83241K [0x0000000080000000, 0x0000000088600000, 0x00000000d5580000)
  object space 137216K, 60% used [0x0000000080000000,0x000000008514a6d0,0x0000000088600000)
 Metaspace       used 73212K, capacity 75828K, committed 76184K, reserved 1116160K
  class space    used 9584K, capacity 10057K, committed 10152K, reserved 1048576K
}
Event: 32.462 GC heap before
{Heap before GC invocations=20 (full 3):
 PSYoungGen      total 644096K, used 628133K [0x00000000d5580000, 0x00000000ff700000, 0x0000000100000000)
  eden space 612864K, 100% used [0x00000000d5580000,0x00000000fac00000,0x00000000fac00000)
  from space 31232K, 48% used [0x00000000fc980000,0x00000000fd869760,0x00000000fe800000)
  to   space 30208K, 0% used [0x00000000fac00000,0x00000000fac00000,0x00000000fc980000)
 ParOldGen       total 137216K, used 83241K [0x0000000080000000, 0x0000000088600000, 0x00000000d5580000)
  object space 137216K, 60% used [0x0000000080000000,0x000000008514a6d0,0x0000000088600000)
 Metaspace       used 77825K, capacity 80778K, committed 80920K, reserved 1120256K
  class space    used 10250K, capacity 10772K, committed 10792K, reserved 1048576K
Event: 32.567 GC heap after
Heap after GC invocations=20 (full 3):
 PSYoungGen      total 643072K, used 15601K [0x00000000d5580000, 0x00000000ffd00000, 0x0000000100000000)
  eden space 612864K, 0% used [0x00000000d5580000,0x00000000d5580000,0x00000000fac00000)
  from space 30208K, 51% used [0x00000000fac00000,0x00000000fbb3c5b0,0x00000000fc980000)
  to   space 29184K, 0% used [0x00000000fe080000,0x00000000fe080000,0x00000000ffd00000)
 ParOldGen       total 137216K, used 91709K [0x0000000080000000, 0x0000000088600000, 0x00000000d5580000)
  object space 137216K, 66% used [0x0000000080000000,0x000000008598f7b0,0x0000000088600000)
 Metaspace       used 77825K, capacity 80778K, committed 80920K, reserved 1120256K
  class space    used 10250K, capacity 10772K, committed 10792K, reserved 1048576K
}

