# JRE version: Java(TM) SE Runtime Environment (8.0_251-b08) (build 1.8.0_251-b08)
# Java VM: Java HotSpot(TM) 64-Bit Server VM (25.251-b08 mixed mode windows-amd64 compressed oops)
Heap:
 PSYoungGen      total 657408K, used 476859K [0x00000000d5580000, 0x0000000100000000, 0x0000000100000000)
  eden space 621056K, 72% used [0x00000000d5580000,0x00000000f0b8df98,0x00000000fb400000)
  from space 36352K, 77% used [0x00000000fdc80000,0x00000000ff820e48,0x0000000100000000)
  to   space 38912K, 0% used [0x00000000fb400000,0x00000000fb400000,0x00000000fda00000)
 ParOldGen       total 140288K, used 91479K [0x0000000080000000, 0x0000000088900000, 0x00000000d5580000)
  object space 140288K, 65% used [0x0000000080000000,0x0000000085955f40,0x0000000088900000)
 Metaspace       used 85896K, capacity 89038K, committed 89176K, reserved 1126400K
  class space    used 11314K, capacity 11872K, committed 11904K, reserved 1048576K
GC Heap History (10 events):
Event: 18.939 GC heap before
{Heap before GC invocations=13 (full 3):
 PSYoungGen      total 525824K, used 19432K [0x00000000d5580000, 0x00000000f8700000, 0x0000000100000000)
  eden space 506368K, 0% used [0x00000000d5580000,0x00000000d5580000,0x00000000f4400000)
  from space 19456K, 99% used [0x00000000f5f00000,0x00000000f71fa090,0x00000000f7200000)
  to   space 27648K, 0% used [0x00000000f4400000,0x00000000f4400000,0x00000000f5f00000)
 ParOldGen       total 85504K, used 36378K [0x0000000080000000, 0x0000000085380000, 0x00000000d5580000)
  object space 85504K, 42% used [0x0000000080000000,0x0000000082386b40,0x0000000085380000)
 Metaspace       used 57087K, capacity 58918K, committed 59028K, reserved 1101824K
  class space    used 7306K, capacity 7680K, committed 7680K, reserved 1048576K
Event: 19.320 GC heap after
Heap after GC invocations=13 (full 3):
 PSYoungGen      total 525824K, used 0K [0x00000000d5580000, 0x00000000f8700000, 0x0000000100000000)
  eden space 506368K, 0% used [0x00000000d5580000,0x00000000d5580000,0x00000000f4400000)
  from space 19456K, 0% used [0x00000000f5f00000,0x00000000f5f00000,0x00000000f7200000)
  to   space 27648K, 0% used [0x00000000f4400000,0x00000000f4400000,0x00000000f5f00000)
 ParOldGen       total 140288K, used 51891K [0x0000000080000000, 0x0000000088900000, 0x00000000d5580000)
  object space 140288K, 36% used [0x0000000080000000,0x00000000832acf78,0x0000000088900000)
 Metaspace       used 57079K, capacity 58906K, committed 59028K, reserved 1101824K
  class space    used 7305K, capacity 7678K, committed 7680K, reserved 1048576K
}
Event: 22.622 GC heap before
{Heap before GC invocations=14 (full 3):
 PSYoungGen      total 525824K, used 506368K [0x00000000d5580000, 0x00000000f8700000, 0x0000000100000000)
  eden space 506368K, 100% used [0x00000000d5580000,0x00000000f4400000,0x00000000f4400000)
  from space 19456K, 0% used [0x00000000f5f00000,0x00000000f5f00000,0x00000000f7200000)
  to   space 27648K, 0% used [0x00000000f4400000,0x00000000f4400000,0x00000000f5f00000)
 ParOldGen       total 140288K, used 51891K [0x0000000080000000, 0x0000000088900000, 0x00000000d5580000)
  object space 140288K, 36% used [0x0000000080000000,0x00000000832acf78,0x0000000088900000)
 Metaspace       used 63285K, capacity 65548K, committed 65624K, reserved 1105920K
  class space    used 8121K, capacity 8557K, committed 8576K, reserved 1048576K
Event: 22.667 GC heap after
Heap after GC invocations=14 (full 3):
 PSYoungGen      total 534016K, used 21278K [0x00000000d5580000, 0x0000000100000000, 0x0000000100000000)
  eden space 506368K, 0% used [0x00000000d5580000,0x00000000d5580000,0x00000000f4400000)
  from space 27648K, 76% used [0x00000000f4400000,0x00000000f58c7870,0x00000000f5f00000)
  to   space 29696K, 0% used [0x00000000fe300000,0x00000000fe300000,0x0000000100000000)
 ParOldGen       total 140288K, used 51899K [0x0000000080000000, 0x0000000088900000, 0x00000000d5580000)
  object space 140288K, 36% used [0x0000000080000000,0x00000000832aef78,0x0000000088900000)
 Metaspace       used 63285K, capacity 65548K, committed 65624K, reserved 1105920K
  class space    used 8121K, capacity 8557K, committed 8576K, reserved 1048576K
}
Event: 26.553 GC heap before
{Heap before GC invocations=15 (full 3):
 PSYoungGen      total 534016K, used 527646K [0x00000000d5580000, 0x0000000100000000, 0x0000000100000000)
  eden space 506368K, 100% used [0x00000000d5580000,0x00000000f4400000,0x00000000f4400000)
  from space 27648K, 76% used [0x00000000f4400000,0x00000000f58c7870,0x00000000f5f00000)
  to   space 29696K, 0% used [0x00000000fe300000,0x00000000fe300000,0x0000000100000000)
 ParOldGen       total 140288K, used 51899K [0x0000000080000000, 0x0000000088900000, 0x00000000d5580000)
  object space 140288K, 36% used [0x0000000080000000,0x00000000832aef78,0x0000000088900000)
 Metaspace       used 67827K, capacity 70356K, committed 70616K, reserved 1110016K
  class space    used 8695K, capacity 9165K, committed 9216K, reserved 1048576K
Event: 26.700 GC heap after
Heap after GC invocations=15 (full 3):
 PSYoungGen      total 652800K, used 29680K [0x00000000d5580000, 0x0000000100000000, 0x0000000100000000)
  eden space 623104K, 0% used [0x00000000d5580000,0x00000000d5580000,0x00000000fb600000)
  from space 29696K, 99% used [0x00000000fe300000,0x00000000ffffc070,0x0000000100000000)
  to   space 37888K, 0% used [0x00000000fb600000,0x00000000fb600000,0x00000000fdb00000)
 ParOldGen       total 140288K, used 61766K [0x0000000080000000, 0x0000000088900000, 0x00000000d5580000)
  object space 140288K, 44% used [0x0000000080000000,0x0000000083c518a0,0x0000000088900000)
 Metaspace       used 67827K, capacity 70356K, committed 70616K, reserved 1110016K
  class space    used 8695K, capacity 9165K, committed 9216K, reserved 1048576K
}
Event: 31.842 GC heap before
{Heap before GC invocations=16 (full 3):
 PSYoungGen      total 652800K, used 652784K [0x00000000d5580000, 0x0000000100000000, 0x0000000100000000)
  eden space 623104K, 100% used [0x00000000d5580000,0x00000000fb600000,0x00000000fb600000)
  from space 29696K, 99% used [0x00000000fe300000,0x00000000ffffc070,0x0000000100000000)
  to   space 37888K, 0% used [0x00000000fb600000,0x00000000fb600000,0x00000000fdb00000)
 ParOldGen       total 140288K, used 61766K [0x0000000080000000, 0x0000000088900000, 0x00000000d5580000)
  object space 140288K, 44% used [0x0000000080000000,0x0000000083c518a0,0x0000000088900000)
 Metaspace       used 76226K, capacity 79128K, committed 79448K, reserved 1118208K
  class space    used 10026K, capacity 10543K, committed 10624K, reserved 1048576K
Event: 31.950 GC heap after
Heap after GC invocations=16 (full 3):
 PSYoungGen      total 660992K, used 18708K [0x00000000d5580000, 0x0000000100000000, 0x0000000100000000)
  eden space 623104K, 0% used [0x00000000d5580000,0x00000000d5580000,0x00000000fb600000)
  from space 37888K, 49% used [0x00000000fb600000,0x00000000fc8451c8,0x00000000fdb00000)
  to   space 36352K, 0% used [0x00000000fdc80000,0x00000000fdc80000,0x0000000100000000)
 ParOldGen       total 140288K, used 91471K [0x0000000080000000, 0x0000000088900000, 0x00000000d5580000)
  object space 140288K, 65% used [0x0000000080000000,0x0000000085953f40,0x0000000088900000)
 Metaspace       used 76226K, capacity 79128K, committed 79448K, reserved 1118208K
  class space    used 10026K, capacity 10543K, committed 10624K, reserved 1048576K
}
Event: 66.021 GC heap before
{Heap before GC invocations=17 (full 3):
 PSYoungGen      total 660992K, used 641812K [0x00000000d5580000, 0x0000000100000000, 0x0000000100000000)
  eden space 623104K, 100% used [0x00000000d5580000,0x00000000fb600000,0x00000000fb600000)
  from space 37888K, 49% used [0x00000000fb600000,0x00000000fc8451c8,0x00000000fdb00000)
  to   space 36352K, 0% used [0x00000000fdc80000,0x00000000fdc80000,0x0000000100000000)
 ParOldGen       total 140288K, used 91471K [0x0000000080000000, 0x0000000088900000, 0x00000000d5580000)
  object space 140288K, 65% used [0x0000000080000000,0x0000000085953f40,0x0000000088900000)
 Metaspace       used 85574K, capacity 88734K, committed 88920K, reserved 1126400K
  class space    used 11307K, capacity 11864K, committed 11904K, reserved 1048576K
Event: 66.085 GC heap after
Heap after GC invocations=17 (full 3):
 PSYoungGen      total 657408K, used 28291K [0x00000000d5580000, 0x0000000100000000, 0x0000000100000000)
  eden space 621056K, 0% used [0x00000000d5580000,0x00000000d5580000,0x00000000fb400000)
  from space 36352K, 77% used [0x00000000fdc80000,0x00000000ff820e48,0x0000000100000000)
  to   space 38912K, 0% used [0x00000000fb400000,0x00000000fb400000,0x00000000fda00000)
 ParOldGen       total 140288K, used 91479K [0x0000000080000000, 0x0000000088900000, 0x00000000d5580000)
  object space 140288K, 65% used [0x0000000080000000,0x0000000085955f40,0x0000000088900000)
 Metaspace       used 85574K, capacity 88734K, committed 88920K, reserved 1126400K
  class space    used 11307K, capacity 11864K, committed 11904K, reserved 1048576K
}

